2025-10-26 08:17:13, MOVE, v:1, k:poo@notebook, mode:PICK
2025-10-26 08:17:15, EXEC, v:1, k:poo@notebook, mode:FREE, size:108
2025-10-26 08:23:41, EXEC, v:1, k:poo@notebook, mode:FREE, size:103
2025-10-26 08:27:37, EXEC, v:1, k:poo@notebook, mode:FREE, size:92
2025-10-26 08:29:45, EXEC, v:1, k:poo@notebook, mode:FREE
2025-10-26 08:32:17, EXEC, v:1, k:poo@notebook, mode:FREE, size:94
2025-10-26 10:10:47, MOVE, v:1, k:poo@notebook, mode:BACK
2025-10-26 10:13:35, MOVE, v:1, k:poo@grafite, mode:DOWN
2025-10-26 10:13:35, MOVE, v:1, k:poo@grafite, mode:PICK
2025-10-26 10:13:37, EXEC, v:1, k:poo@grafite, mode:FULL, rate:0, size:0
2025-10-26 11:23:49, MOVE, v:1, k:poo@grafite, mode:PICK
2025-10-26 11:23:52, EXEC, v:1, k:poo@grafite, mode:FULL, rate:0, size:26
2025-10-26 11:35:36, EXEC, v:1, k:poo@grafite, mode:FULL, rate:0, size:44
2025-10-26 11:36:17, EXEC, v:1, k:poo@grafite, mode:FULL, rate:0, size:45
2025-10-26 11:36:57, EXEC, v:1, k:poo@grafite, mode:FULL, rate:0, size:46
2025-10-26 11:37:17, EXEC, v:1, k:poo@grafite, mode:FULL, rate:0, size:46
2025-10-26 11:39:17, EXEC, v:1, k:poo@grafite, mode:FULL, rate:10, size:48
2025-10-26 11:49:44, EXEC, v:1, k:poo@grafite, mode:FULL, rate:10, size:51
2025-10-26 11:50:40, EXEC, v:1, k:poo@grafite, mode:FULL, rate:10, size:53
2025-10-26 11:53:06, EXEC, v:1, k:poo@grafite, mode:FULL, rate:0, size:54
2025-10-26 11:53:17, EXEC, v:1, k:poo@grafite, mode:FULL, rate:10, size:54
2025-10-26 11:54:01, EXEC, v:1, k:poo@grafite, mode:FULL, rate:10, size:56
2025-10-26 11:55:59, EXEC, v:1, k:poo@grafite, mode:FULL, rate:10, size:57
2025-10-26 11:57:13, EXEC, v:1, k:poo@grafite, mode:FULL, rate:10, size:57
2025-10-26 12:01:15, EXEC, v:1, k:poo@grafite, mode:FULL, rate:10, size:57
2025-10-26 12:03:24, EXEC, v:1, k:poo@grafite, mode:FULL, rate:10
2025-10-26 12:03:45, EXEC, v:1, k:poo@grafite, mode:FULL, rate:10, size:57
2025-10-26 12:10:38, EXEC, v:1, k:poo@grafite, mode:FULL, rate:10, size:62
2025-10-26 12:12:21, EXEC, v:1, k:poo@grafite, mode:FULL, rate:0, size:63
2025-10-26 12:12:32, EXEC, v:1, k:poo@grafite, mode:FULL, rate:10, size:63
2025-10-26 12:12:50, EXEC, v:1, k:poo@grafite, mode:FULL, rate:10, size:63
2025-10-26 12:19:26, EXEC, v:1, k:poo@grafite, mode:FULL, rate:10, size:65
2025-10-26 12:44:05, EXEC, v:1, k:poo@grafite, mode:FULL, rate:30, size:65
2025-10-26 12:52:36, EXEC, v:1, k:poo@grafite, mode:FULL, rate:30, size:71
2025-10-26 12:57:18, EXEC, v:1, k:poo@grafite, mode:FULL, rate:10, size:67
2025-10-26 13:02:14, EXEC, v:1, k:poo@grafite, mode:FULL, rate:30, size:65
2025-10-26 13:03:17, EXEC, v:1, k:poo@grafite, mode:FULL, rate:10, size:66
2025-10-26 13:08:52, EXEC, v:1, k:poo@grafite, mode:FULL, rate:10, size:65
2025-10-26 13:09:45, EXEC, v:1, k:poo@grafite, mode:FULL, rate:10, size:67
2025-10-26 13:10:47, EXEC, v:1, k:poo@grafite, mode:FULL, rate:20, size:69
2025-10-26 13:12:04, EXEC, v:1, k:poo@grafite, mode:FULL, rate:20, size:70
2025-10-26 13:21:14, EXEC, v:1, k:poo@grafite, mode:FULL, rate:10, size:70
2025-10-26 13:21:50, EXEC, v:1, k:poo@grafite, mode:FULL, rate:10, size:68
2025-10-26 13:22:12, EXEC, v:1, k:poo@grafite, mode:FULL, rate:30, size:65
2025-10-26 15:09:58, EXEC, v:1, k:poo@grafite, mode:FULL, rate:30
2025-10-26 15:17:38, EXEC, v:1, k:poo@grafite, mode:FULL, rate:10, size:70
2025-10-26 15:18:44, EXEC, v:1, k:poo@grafite, mode:FULL, rate:10, size:72
2025-10-26 15:21:05, EXEC, v:1, k:poo@grafite, mode:FULL, rate:10, size:75
2025-10-26 15:22:22, EXEC, v:1, k:poo@grafite, mode:FULL, rate:10, size:74
2025-10-26 15:29:23, EXEC, v:1, k:poo@grafite, mode:FULL, rate:10, size:74
2025-10-26 15:30:16, EXEC, v:1, k:poo@grafite, mode:FULL, rate:10, size:74
2025-10-26 15:31:14, EXEC, v:1, k:poo@grafite, mode:FREE
2025-10-26 15:46:51, EXEC, v:1, k:poo@grafite, mode:FULL, rate:40, size:75
2025-10-26 15:47:13, MOVE, v:1, k:poo@grafite, mode:PICK
2025-10-26 15:47:16, EXEC, v:1, k:poo@grafite, mode:FULL, rate:40
2025-10-26 15:53:57, EXEC, v:1, k:poo@grafite, mode:FULL, rate:40, size:80
2025-10-26 15:55:39, EXEC, v:1, k:poo@grafite, mode:FULL, rate:40, size:79
2025-10-26 15:56:47, EXEC, v:1, k:poo@grafite, mode:FULL, rate:60, size:81
2025-10-26 16:24:33, EXEC, v:1, k:poo@grafite, mode:FULL, rate:60, size:102
2025-10-26 16:24:56, EXEC, v:1, k:poo@grafite, mode:FULL, rate:60, size:102
2025-10-26 16:26:45, EXEC, v:1, k:poo@grafite, mode:FULL, rate:60, size:105
2025-10-26 16:26:58, EXEC, v:1, k:poo@grafite, mode:FULL, rate:60, size:105
2025-10-26 16:28:50, EXEC, v:1, k:poo@grafite, mode:FULL, rate:60
2025-10-26 16:31:35, EXEC, v:1, k:poo@grafite, mode:FULL, rate:60, size:106
2025-10-26 16:34:30, EXEC, v:1, k:poo@grafite, mode:FULL, rate:60, size:104
2025-10-26 16:35:55, EXEC, v:1, k:poo@grafite, mode:FULL, rate:60, size:104
2025-10-26 16:38:20, EXEC, v:1, k:poo@grafite, mode:FULL, rate:60, size:102
2025-10-26 16:42:18, EXEC, v:1, k:poo@grafite, mode:FULL, rate:70, size:97
2025-10-26 16:44:55, EXEC, v:1, k:poo@grafite, mode:FULL, rate:80, size:99
2025-10-26 16:45:34, EXEC, v:1, k:poo@grafite, mode:FULL, rate:70, size:98
2025-10-26 16:45:44, EXEC, v:1, k:poo@grafite, mode:FULL, rate:80, size:99
2025-10-26 16:48:02, EXEC, v:1, k:poo@grafite, mode:FULL, rate:90, size:101
2025-10-26 16:52:52, EXEC, v:1, k:poo@grafite, mode:FULL, rate:0, size:105
2025-10-26 16:53:03, EXEC, v:1, k:poo@grafite, mode:FULL, rate:90, size:105
2025-10-26 16:59:37, EXEC, v:1, k:poo@grafite, mode:FULL, rate:100, size:106
2025-10-26 17:00:41, MOVE, v:1, k:poo@grafite, mode:BACK
2025-10-26 17:04:59, SELF, v:1, k:poo@grafite, rate:100, iagen:deu_alguns_erros_na_ordem_dos_if_e_descobri_por_maio_do_chat, alone:8, study:180
2025-10-26 20:15:31, MOVE, v:1, k:poo@motouber, mode:DOWN
2025-10-26 20:15:31, MOVE, v:1, k:poo@motouber, mode:PICK
2025-10-26 20:15:36, EXEC, v:1, k:poo@motouber, mode:FULL, rate:0, size:0
2025-10-26 20:57:31, EXEC, v:1, k:poo@motouber, mode:FULL, rate:12, size:32
2025-10-26 21:04:37, EXEC, v:1, k:poo@motouber, mode:FULL, rate:12, size:38
2025-10-26 21:08:11, EXEC, v:1, k:poo@motouber, mode:FULL, rate:12, size:41
2025-10-26 21:09:56, EXEC, v:1, k:poo@motouber, mode:FULL, rate:0, size:44
2025-10-26 21:11:23, EXEC, v:1, k:poo@motouber, mode:FULL, rate:12, size:44
2025-10-26 21:12:25, EXEC, v:1, k:poo@motouber, mode:FULL, rate:12, size:44
2025-10-26 21:16:19, EXEC, v:1, k:poo@motouber, mode:FULL, rate:25, size:46
2025-10-26 21:22:08, EXEC, v:1, k:poo@motouber, mode:FULL, rate:50, size:54
2025-10-26 21:24:45, EXEC, v:1, k:poo@motouber, mode:FULL, rate:62, size:60
2025-10-26 21:27:31, EXEC, v:1, k:poo@motouber, mode:FULL, rate:62, size:65
2025-10-26 21:28:25, EXEC, v:1, k:poo@motouber, mode:FULL, rate:50, size:67
2025-10-26 21:30:15, EXEC, v:1, k:poo@motouber, mode:FULL, rate:62, size:67
2025-10-26 21:32:35, EXEC, v:1, k:poo@motouber, mode:FULL, rate:62, size:67
2025-10-26 21:41:28, EXEC, v:1, k:poo@motouber, mode:FULL, rate:37, size:76
2025-10-26 21:41:54, EXEC, v:1, k:poo@motouber, mode:FULL, rate:37, size:76
2025-10-26 21:45:14, EXEC, v:1, k:poo@motouber, mode:FULL, rate:37, size:76
2025-10-26 21:46:08, EXEC, v:1, k:poo@motouber, mode:FULL, rate:50, size:76
2025-10-26 21:46:59, EXEC, v:1, k:poo@motouber, mode:FULL, rate:50, size:76
2025-10-26 21:47:12, EXEC, v:1, k:poo@motouber, mode:FULL, rate:50, size:76
2025-10-26 21:50:43, EXEC, v:1, k:poo@motouber, mode:FULL, rate:50, size:79
2025-10-26 21:52:51, EXEC, v:1, k:poo@motouber, mode:FULL, rate:62, size:76
2025-10-26 21:59:39, EXEC, v:1, k:poo@motouber, mode:FULL, rate:75, size:77
2025-10-26 22:00:50, EXEC, v:1, k:poo@motouber, mode:FULL, rate:87, size:77
2025-10-26 22:10:02, EXEC, v:1, k:poo@motouber, mode:FULL, rate:87, size:82
2025-10-26 22:15:00, EXEC, v:1, k:poo@motouber, mode:FULL, rate:100, size:85
2025-10-26 22:21:06, MOVE, v:1, k:poo@motouber, mode:BACK
2025-10-26 22:21:08, MOVE, v:1, k:poo@motouber, mode:PICK
2025-10-26 22:21:10, EXEC, v:1, k:poo@motouber, mode:FULL, rate:100
2025-10-26 22:21:11, MOVE, v:1, k:poo@motouber, mode:BACK
2025-10-26 22:22:51, SELF, v:1, k:poo@motouber, rate:100, alone:10, study:90
